DEBUG:paramiko.transport:Received global request "keepalive@openssh.com"
DEBUG:paramiko.transport:Rejecting "keepalive@openssh.com" global request from server.
DEBUG:paramiko.transport:EOF in transport thread
DEBUG:root:started
DEBUG:paramiko.transport:starting thread (client mode): 0x46176448
DEBUG:paramiko.transport:Local version/idstring: SSH-2.0-paramiko_2.9.2
DEBUG:paramiko.transport:Remote version/idstring: SSH-2.0-OpenSSH_7.9p1 Debian-10+deb10u2
INFO:paramiko.transport:Connected (version 2.0, client OpenSSH_7.9p1)
DEBUG:paramiko.transport:=== Key exchange possibilities ===
DEBUG:paramiko.transport:kex algos: curve25519-sha256, curve25519-sha256@libssh.org, ecdh-sha2-nistp256, ecdh-sha2-nistp384, ecdh-sha2-nistp521, diffie-hellman-group-exchange-sha256, diffie-hellman-group16-sha512, diffie-hellman-group18-sha512, diffie-hellman-group14-sha256, diffie-hellman-group14-sha1
DEBUG:paramiko.transport:server key: rsa-sha2-512, rsa-sha2-256, ssh-rsa, ecdsa-sha2-nistp256, ssh-ed25519
DEBUG:paramiko.transport:client encrypt: chacha20-poly1305@openssh.com, aes128-ctr, aes192-ctr, aes256-ctr, aes128-gcm@openssh.com, aes256-gcm@openssh.com
DEBUG:paramiko.transport:server encrypt: chacha20-poly1305@openssh.com, aes128-ctr, aes192-ctr, aes256-ctr, aes128-gcm@openssh.com, aes256-gcm@openssh.com
DEBUG:paramiko.transport:client mac: umac-64-etm@openssh.com, umac-128-etm@openssh.com, hmac-sha2-256-etm@openssh.com, hmac-sha2-512-etm@openssh.com, hmac-sha1-etm@openssh.com, umac-64@openssh.com, umac-128@openssh.com, hmac-sha2-256, hmac-sha2-512, hmac-sha1
DEBUG:paramiko.transport:server mac: umac-64-etm@openssh.com, umac-128-etm@openssh.com, hmac-sha2-256-etm@openssh.com, hmac-sha2-512-etm@openssh.com, hmac-sha1-etm@openssh.com, umac-64@openssh.com, umac-128@openssh.com, hmac-sha2-256, hmac-sha2-512, hmac-sha1
DEBUG:paramiko.transport:client compress: none, zlib@openssh.com
DEBUG:paramiko.transport:server compress: none, zlib@openssh.com
DEBUG:paramiko.transport:client lang: <none>
DEBUG:paramiko.transport:server lang: <none>
DEBUG:paramiko.transport:kex follows: False
DEBUG:paramiko.transport:=== Key exchange agreements ===
DEBUG:paramiko.transport:Kex: curve25519-sha256@libssh.org
DEBUG:paramiko.transport:HostKey: ssh-ed25519
DEBUG:paramiko.transport:Cipher: aes128-ctr
DEBUG:paramiko.transport:MAC: hmac-sha2-256
DEBUG:paramiko.transport:Compression: none
DEBUG:paramiko.transport:=== End of kex handshake ===
DEBUG:paramiko.transport:kex engine KexCurve25519 specified hash_algo <built-in function openssl_sha256>
DEBUG:paramiko.transport:Switch to new keys ...
DEBUG:paramiko.transport:Adding ssh-ed25519 host key for 35.238.177.85: b'99e59f270b7c120569420eaec9797263'
DEBUG:paramiko.transport:Got EXT_INFO: {'server-sig-algs': b'ssh-ed25519,ssh-rsa,rsa-sha2-256,rsa-sha2-512,ssh-dss,ecdsa-sha2-nistp256,ecdsa-sha2-nistp384,ecdsa-sha2-nistp521'}
DEBUG:paramiko.transport:Trying discovered key b'2259caff394641606d86edfca59bbfee' in C:\Users\anujs\Documents\enabler.pub
DEBUG:paramiko.transport:userauth is OK
DEBUG:paramiko.transport:Finalizing pubkey algorithm for key of type 'ssh-rsa'
DEBUG:paramiko.transport:Our pubkey algorithm list: ['rsa-sha2-512', 'rsa-sha2-256', 'ssh-rsa']
DEBUG:paramiko.transport:Server-side algorithm list: ['ssh-ed25519', 'ssh-rsa', 'rsa-sha2-256', 'rsa-sha2-512', 'ssh-dss', 'ecdsa-sha2-nistp256', 'ecdsa-sha2-nistp384', 'ecdsa-sha2-nistp521']
DEBUG:paramiko.transport:Agreed upon 'rsa-sha2-512' pubkey algorithm
INFO:paramiko.transport:Authentication (publickey) successful!
INFO:parmiko-client-logger:Found SSH key at self C:\Users\anujs\Documents\enabler.pub
DEBUG:paramiko.transport:Received global request "hostkeys-00@openssh.com"
DEBUG:paramiko.transport:Rejecting "hostkeys-00@openssh.com" global request from server.
DEBUG:paramiko.transport:Debug msg: b'/home/admin/.ssh/authorized_keys:2: key options: agent-forwarding port-forwarding pty user-rc x11-forwarding'
DEBUG:paramiko.transport:starting thread (client mode): 0x46195708
DEBUG:paramiko.transport:Local version/idstring: SSH-2.0-paramiko_2.9.2
DEBUG:paramiko.transport:Remote version/idstring: SSH-2.0-OpenSSH_7.9p1 Debian-10+deb10u2
INFO:paramiko.transport:Connected (version 2.0, client OpenSSH_7.9p1)
DEBUG:paramiko.transport:=== Key exchange possibilities ===
DEBUG:paramiko.transport:kex algos: curve25519-sha256, curve25519-sha256@libssh.org, ecdh-sha2-nistp256, ecdh-sha2-nistp384, ecdh-sha2-nistp521, diffie-hellman-group-exchange-sha256, diffie-hellman-group16-sha512, diffie-hellman-group18-sha512, diffie-hellman-group14-sha256, diffie-hellman-group14-sha1
DEBUG:paramiko.transport:server key: rsa-sha2-512, rsa-sha2-256, ssh-rsa, ecdsa-sha2-nistp256, ssh-ed25519
DEBUG:paramiko.transport:client encrypt: chacha20-poly1305@openssh.com, aes128-ctr, aes192-ctr, aes256-ctr, aes128-gcm@openssh.com, aes256-gcm@openssh.com
DEBUG:paramiko.transport:server encrypt: chacha20-poly1305@openssh.com, aes128-ctr, aes192-ctr, aes256-ctr, aes128-gcm@openssh.com, aes256-gcm@openssh.com
DEBUG:paramiko.transport:client mac: umac-64-etm@openssh.com, umac-128-etm@openssh.com, hmac-sha2-256-etm@openssh.com, hmac-sha2-512-etm@openssh.com, hmac-sha1-etm@openssh.com, umac-64@openssh.com, umac-128@openssh.com, hmac-sha2-256, hmac-sha2-512, hmac-sha1
DEBUG:paramiko.transport:server mac: umac-64-etm@openssh.com, umac-128-etm@openssh.com, hmac-sha2-256-etm@openssh.com, hmac-sha2-512-etm@openssh.com, hmac-sha1-etm@openssh.com, umac-64@openssh.com, umac-128@openssh.com, hmac-sha2-256, hmac-sha2-512, hmac-sha1
DEBUG:paramiko.transport:client compress: none, zlib@openssh.com
DEBUG:paramiko.transport:server compress: none, zlib@openssh.com
DEBUG:paramiko.transport:client lang: <none>
DEBUG:paramiko.transport:server lang: <none>
DEBUG:paramiko.transport:kex follows: False
DEBUG:paramiko.transport:=== Key exchange agreements ===
DEBUG:paramiko.transport:Kex: curve25519-sha256@libssh.org
DEBUG:paramiko.transport:HostKey: ssh-ed25519
DEBUG:paramiko.transport:Cipher: aes128-ctr
DEBUG:paramiko.transport:MAC: hmac-sha2-256
DEBUG:paramiko.transport:Compression: none
DEBUG:paramiko.transport:=== End of kex handshake ===
DEBUG:paramiko.transport:kex engine KexCurve25519 specified hash_algo <built-in function openssl_sha256>
DEBUG:paramiko.transport:Switch to new keys ...
DEBUG:paramiko.transport:Adding ssh-ed25519 host key for 35.238.177.85: b'99e59f270b7c120569420eaec9797263'
DEBUG:paramiko.transport:Got EXT_INFO: {'server-sig-algs': b'ssh-ed25519,ssh-rsa,rsa-sha2-256,rsa-sha2-512,ssh-dss,ecdsa-sha2-nistp256,ecdsa-sha2-nistp384,ecdsa-sha2-nistp521'}
DEBUG:paramiko.transport:Trying discovered key b'2259caff394641606d86edfca59bbfee' in C:\Users\anujs\Documents\enabler.pub
DEBUG:paramiko.transport:userauth is OK
DEBUG:paramiko.transport:Finalizing pubkey algorithm for key of type 'ssh-rsa'
DEBUG:paramiko.transport:Our pubkey algorithm list: ['rsa-sha2-512', 'rsa-sha2-256', 'ssh-rsa']
DEBUG:paramiko.transport:Server-side algorithm list: ['ssh-ed25519', 'ssh-rsa', 'rsa-sha2-256', 'rsa-sha2-512', 'ssh-dss', 'ecdsa-sha2-nistp256', 'ecdsa-sha2-nistp384', 'ecdsa-sha2-nistp521']
DEBUG:paramiko.transport:Agreed upon 'rsa-sha2-512' pubkey algorithm
INFO:paramiko.transport:Authentication (publickey) successful!
DEBUG:paramiko.transport:[chan 0] Max packet in: 32768 bytes
DEBUG:paramiko.transport:Received global request "hostkeys-00@openssh.com"
DEBUG:paramiko.transport:Rejecting "hostkeys-00@openssh.com" global request from server.
DEBUG:paramiko.transport:Debug msg: b'/home/admin/.ssh/authorized_keys:2: key options: agent-forwarding port-forwarding pty user-rc x11-forwarding'
DEBUG:paramiko.transport:[chan 0] Max packet out: 32768 bytes
DEBUG:paramiko.transport:Secsh channel 0 opened.
DEBUG:paramiko.transport:[chan 0] Sesch channel 0 request ok
DEBUG:paramiko.transport:[chan 0] EOF sent (0)
INFO:parmiko-client-logger:Finished uploading 1 files to /home/admin/ on 35.238.177.85
DEBUG:paramiko.transport:[chan 0] Max packet in: 32768 bytes
DEBUG:paramiko.transport:[chan 0] EOF received (0)
DEBUG:paramiko.transport:[chan 0] Max packet out: 32768 bytes
DEBUG:paramiko.transport:Secsh channel 0 opened.
DEBUG:paramiko.transport:[chan 0] Sesch channel 0 request ok
DEBUG:paramiko.transport:[chan 0] EOF received (0)
DEBUG:paramiko.transport:[chan 0] EOF sent (0)
DEBUG:paramiko.transport:[chan 1] Max packet in: 32768 bytes
DEBUG:paramiko.transport:[chan 1] Max packet out: 32768 bytes
DEBUG:paramiko.transport:Secsh channel 1 opened.
DEBUG:paramiko.transport:[chan 1] Sesch channel 1 request ok
DEBUG:paramiko.transport:[chan 1] EOF received (1)
DEBUG:paramiko.transport:[chan 1] EOF sent (1)
INFO:parmiko-client-logger:INPUT: df -h
INFO:parmiko-client-logger:OUTPUT: Filesystem      Size  Used Avail Use% Mounted on

INFO:parmiko-client-logger:INPUT: df -h
INFO:parmiko-client-logger:OUTPUT: udev            2.0G     0  2.0G   0% /dev

INFO:parmiko-client-logger:INPUT: df -h
INFO:parmiko-client-logger:OUTPUT: tmpfs           395M   40M  355M  11% /run

INFO:parmiko-client-logger:INPUT: df -h
INFO:parmiko-client-logger:OUTPUT: /dev/sda1       9.7G  3.2G  6.1G  35% /

INFO:parmiko-client-logger:INPUT: df -h
INFO:parmiko-client-logger:OUTPUT: tmpfs           2.0G     0  2.0G   0% /dev/shm

INFO:parmiko-client-logger:INPUT: df -h
INFO:parmiko-client-logger:OUTPUT: tmpfs           5.0M     0  5.0M   0% /run/lock

INFO:parmiko-client-logger:INPUT: df -h
INFO:parmiko-client-logger:OUTPUT: tmpfs           2.0G     0  2.0G   0% /sys/fs/cgroup

INFO:parmiko-client-logger:INPUT: df -h
INFO:parmiko-client-logger:OUTPUT: /dev/sda15      124M  5.7M  119M   5% /boot/efi

INFO:parmiko-client-logger:INPUT: df -h
INFO:parmiko-client-logger:OUTPUT: tmpfs           395M     0  395M   0% /run/user/1000

DEBUG:paramiko.transport:[chan 2] Max packet in: 32768 bytes
DEBUG:paramiko.transport:[chan 2] Max packet out: 32768 bytes
DEBUG:paramiko.transport:Secsh channel 2 opened.
DEBUG:paramiko.transport:[chan 2] Sesch channel 2 request ok
DEBUG:paramiko.transport:[chan 2] EOF received (2)
DEBUG:paramiko.transport:[chan 2] EOF sent (2)
DEBUG:paramiko.transport:EOF in transport thread
DEBUG:paramiko.transport:EOF in transport thread
DEBUG:root:started
DEBUG:paramiko.transport:starting thread (client mode): 0x67557388
DEBUG:paramiko.transport:Local version/idstring: SSH-2.0-paramiko_2.9.2
DEBUG:paramiko.transport:Remote version/idstring: SSH-2.0-OpenSSH_7.9p1 Debian-10+deb10u2
INFO:paramiko.transport:Connected (version 2.0, client OpenSSH_7.9p1)
DEBUG:paramiko.transport:=== Key exchange possibilities ===
DEBUG:paramiko.transport:kex algos: curve25519-sha256, curve25519-sha256@libssh.org, ecdh-sha2-nistp256, ecdh-sha2-nistp384, ecdh-sha2-nistp521, diffie-hellman-group-exchange-sha256, diffie-hellman-group16-sha512, diffie-hellman-group18-sha512, diffie-hellman-group14-sha256, diffie-hellman-group14-sha1
DEBUG:paramiko.transport:server key: rsa-sha2-512, rsa-sha2-256, ssh-rsa, ecdsa-sha2-nistp256, ssh-ed25519
DEBUG:paramiko.transport:client encrypt: chacha20-poly1305@openssh.com, aes128-ctr, aes192-ctr, aes256-ctr, aes128-gcm@openssh.com, aes256-gcm@openssh.com
DEBUG:paramiko.transport:server encrypt: chacha20-poly1305@openssh.com, aes128-ctr, aes192-ctr, aes256-ctr, aes128-gcm@openssh.com, aes256-gcm@openssh.com
DEBUG:paramiko.transport:client mac: umac-64-etm@openssh.com, umac-128-etm@openssh.com, hmac-sha2-256-etm@openssh.com, hmac-sha2-512-etm@openssh.com, hmac-sha1-etm@openssh.com, umac-64@openssh.com, umac-128@openssh.com, hmac-sha2-256, hmac-sha2-512, hmac-sha1
DEBUG:paramiko.transport:server mac: umac-64-etm@openssh.com, umac-128-etm@openssh.com, hmac-sha2-256-etm@openssh.com, hmac-sha2-512-etm@openssh.com, hmac-sha1-etm@openssh.com, umac-64@openssh.com, umac-128@openssh.com, hmac-sha2-256, hmac-sha2-512, hmac-sha1
DEBUG:paramiko.transport:client compress: none, zlib@openssh.com
DEBUG:paramiko.transport:server compress: none, zlib@openssh.com
DEBUG:paramiko.transport:client lang: <none>
DEBUG:paramiko.transport:server lang: <none>
DEBUG:paramiko.transport:kex follows: False
DEBUG:paramiko.transport:=== Key exchange agreements ===
DEBUG:paramiko.transport:Kex: curve25519-sha256@libssh.org
DEBUG:paramiko.transport:HostKey: ssh-ed25519
DEBUG:paramiko.transport:Cipher: aes128-ctr
DEBUG:paramiko.transport:MAC: hmac-sha2-256
DEBUG:paramiko.transport:Compression: none
DEBUG:paramiko.transport:=== End of kex handshake ===
DEBUG:paramiko.transport:kex engine KexCurve25519 specified hash_algo <built-in function openssl_sha256>
DEBUG:paramiko.transport:Switch to new keys ...
DEBUG:paramiko.transport:Adding ssh-ed25519 host key for 35.238.177.85: b'99e59f270b7c120569420eaec9797263'
DEBUG:paramiko.transport:Got EXT_INFO: {'server-sig-algs': b'ssh-ed25519,ssh-rsa,rsa-sha2-256,rsa-sha2-512,ssh-dss,ecdsa-sha2-nistp256,ecdsa-sha2-nistp384,ecdsa-sha2-nistp521'}
DEBUG:paramiko.transport:Trying discovered key b'2259caff394641606d86edfca59bbfee' in C:\Users\anujs\Documents\enabler.pub
DEBUG:paramiko.transport:userauth is OK
DEBUG:paramiko.transport:Finalizing pubkey algorithm for key of type 'ssh-rsa'
DEBUG:paramiko.transport:Our pubkey algorithm list: ['rsa-sha2-512', 'rsa-sha2-256', 'ssh-rsa']
DEBUG:paramiko.transport:Server-side algorithm list: ['ssh-ed25519', 'ssh-rsa', 'rsa-sha2-256', 'rsa-sha2-512', 'ssh-dss', 'ecdsa-sha2-nistp256', 'ecdsa-sha2-nistp384', 'ecdsa-sha2-nistp521']
DEBUG:paramiko.transport:Agreed upon 'rsa-sha2-512' pubkey algorithm
INFO:paramiko.transport:Authentication (publickey) successful!
INFO:parmiko-client-logger:Found SSH key at self C:\Users\anujs\Documents\enabler.pub
DEBUG:paramiko.transport:Received global request "hostkeys-00@openssh.com"
DEBUG:paramiko.transport:Rejecting "hostkeys-00@openssh.com" global request from server.
DEBUG:paramiko.transport:Debug msg: b'/home/admin/.ssh/authorized_keys:2: key options: agent-forwarding port-forwarding pty user-rc x11-forwarding'
DEBUG:paramiko.transport:starting thread (client mode): 0x675755c8
DEBUG:paramiko.transport:Local version/idstring: SSH-2.0-paramiko_2.9.2
DEBUG:paramiko.transport:Remote version/idstring: SSH-2.0-OpenSSH_7.9p1 Debian-10+deb10u2
INFO:paramiko.transport:Connected (version 2.0, client OpenSSH_7.9p1)
DEBUG:paramiko.transport:=== Key exchange possibilities ===
DEBUG:paramiko.transport:kex algos: curve25519-sha256, curve25519-sha256@libssh.org, ecdh-sha2-nistp256, ecdh-sha2-nistp384, ecdh-sha2-nistp521, diffie-hellman-group-exchange-sha256, diffie-hellman-group16-sha512, diffie-hellman-group18-sha512, diffie-hellman-group14-sha256, diffie-hellman-group14-sha1
DEBUG:paramiko.transport:server key: rsa-sha2-512, rsa-sha2-256, ssh-rsa, ecdsa-sha2-nistp256, ssh-ed25519
DEBUG:paramiko.transport:client encrypt: chacha20-poly1305@openssh.com, aes128-ctr, aes192-ctr, aes256-ctr, aes128-gcm@openssh.com, aes256-gcm@openssh.com
DEBUG:paramiko.transport:server encrypt: chacha20-poly1305@openssh.com, aes128-ctr, aes192-ctr, aes256-ctr, aes128-gcm@openssh.com, aes256-gcm@openssh.com
DEBUG:paramiko.transport:client mac: umac-64-etm@openssh.com, umac-128-etm@openssh.com, hmac-sha2-256-etm@openssh.com, hmac-sha2-512-etm@openssh.com, hmac-sha1-etm@openssh.com, umac-64@openssh.com, umac-128@openssh.com, hmac-sha2-256, hmac-sha2-512, hmac-sha1
DEBUG:paramiko.transport:server mac: umac-64-etm@openssh.com, umac-128-etm@openssh.com, hmac-sha2-256-etm@openssh.com, hmac-sha2-512-etm@openssh.com, hmac-sha1-etm@openssh.com, umac-64@openssh.com, umac-128@openssh.com, hmac-sha2-256, hmac-sha2-512, hmac-sha1
DEBUG:paramiko.transport:client compress: none, zlib@openssh.com
DEBUG:paramiko.transport:server compress: none, zlib@openssh.com
DEBUG:paramiko.transport:client lang: <none>
DEBUG:paramiko.transport:server lang: <none>
DEBUG:paramiko.transport:kex follows: False
DEBUG:paramiko.transport:=== Key exchange agreements ===
DEBUG:paramiko.transport:Kex: curve25519-sha256@libssh.org
DEBUG:paramiko.transport:HostKey: ssh-ed25519
DEBUG:paramiko.transport:Cipher: aes128-ctr
DEBUG:paramiko.transport:MAC: hmac-sha2-256
DEBUG:paramiko.transport:Compression: none
DEBUG:paramiko.transport:=== End of kex handshake ===
DEBUG:paramiko.transport:kex engine KexCurve25519 specified hash_algo <built-in function openssl_sha256>
DEBUG:paramiko.transport:Switch to new keys ...
DEBUG:paramiko.transport:Adding ssh-ed25519 host key for 35.238.177.85: b'99e59f270b7c120569420eaec9797263'
DEBUG:paramiko.transport:Got EXT_INFO: {'server-sig-algs': b'ssh-ed25519,ssh-rsa,rsa-sha2-256,rsa-sha2-512,ssh-dss,ecdsa-sha2-nistp256,ecdsa-sha2-nistp384,ecdsa-sha2-nistp521'}
DEBUG:paramiko.transport:Trying discovered key b'2259caff394641606d86edfca59bbfee' in C:\Users\anujs\Documents\enabler.pub
DEBUG:paramiko.transport:userauth is OK
DEBUG:paramiko.transport:Finalizing pubkey algorithm for key of type 'ssh-rsa'
DEBUG:paramiko.transport:Our pubkey algorithm list: ['rsa-sha2-512', 'rsa-sha2-256', 'ssh-rsa']
DEBUG:paramiko.transport:Server-side algorithm list: ['ssh-ed25519', 'ssh-rsa', 'rsa-sha2-256', 'rsa-sha2-512', 'ssh-dss', 'ecdsa-sha2-nistp256', 'ecdsa-sha2-nistp384', 'ecdsa-sha2-nistp521']
DEBUG:paramiko.transport:Agreed upon 'rsa-sha2-512' pubkey algorithm
INFO:paramiko.transport:Authentication (publickey) successful!
DEBUG:paramiko.transport:[chan 0] Max packet in: 32768 bytes
DEBUG:paramiko.transport:Received global request "hostkeys-00@openssh.com"
DEBUG:paramiko.transport:Rejecting "hostkeys-00@openssh.com" global request from server.
DEBUG:paramiko.transport:Debug msg: b'/home/admin/.ssh/authorized_keys:2: key options: agent-forwarding port-forwarding pty user-rc x11-forwarding'
DEBUG:paramiko.transport:[chan 0] Max packet out: 32768 bytes
DEBUG:paramiko.transport:Secsh channel 0 opened.
DEBUG:paramiko.transport:[chan 0] Sesch channel 0 request ok
DEBUG:paramiko.transport:[chan 0] EOF sent (0)
INFO:parmiko-client-logger:Finished uploading 1 files to /home/admin/ on 35.238.177.85
DEBUG:paramiko.transport:[chan 0] Max packet in: 32768 bytes
DEBUG:paramiko.transport:[chan 0] Max packet out: 32768 bytes
DEBUG:paramiko.transport:Secsh channel 0 opened.
DEBUG:paramiko.transport:[chan 0] EOF received (0)
DEBUG:paramiko.transport:[chan 0] Sesch channel 0 request ok
DEBUG:paramiko.transport:[chan 0] EOF received (0)
DEBUG:paramiko.transport:[chan 1] Max packet in: 32768 bytes
DEBUG:paramiko.transport:[chan 0] EOF sent (0)
DEBUG:paramiko.transport:[chan 1] Max packet out: 32768 bytes
DEBUG:paramiko.transport:Secsh channel 1 opened.
DEBUG:paramiko.transport:[chan 1] Sesch channel 1 request ok
DEBUG:paramiko.transport:[chan 1] EOF received (1)
DEBUG:paramiko.transport:[chan 1] EOF sent (1)
DEBUG:paramiko.transport:[chan 2] Max packet in: 32768 bytes
DEBUG:paramiko.transport:[chan 2] Max packet out: 32768 bytes
DEBUG:paramiko.transport:Secsh channel 2 opened.
DEBUG:paramiko.transport:[chan 2] Sesch channel 2 request ok
DEBUG:paramiko.transport:[chan 2] EOF received (2)
DEBUG:paramiko.transport:[chan 2] EOF sent (2)
DEBUG:paramiko.transport:EOF in transport thread
DEBUG:paramiko.transport:EOF in transport thread
DEBUG:root:started
DEBUG:paramiko.transport:starting thread (client mode): 0xf51a4d08
DEBUG:paramiko.transport:Local version/idstring: SSH-2.0-paramiko_2.9.2
DEBUG:paramiko.transport:Remote version/idstring: SSH-2.0-OpenSSH_7.9p1 Debian-10+deb10u2
INFO:paramiko.transport:Connected (version 2.0, client OpenSSH_7.9p1)
DEBUG:paramiko.transport:=== Key exchange possibilities ===
DEBUG:paramiko.transport:kex algos: curve25519-sha256, curve25519-sha256@libssh.org, ecdh-sha2-nistp256, ecdh-sha2-nistp384, ecdh-sha2-nistp521, diffie-hellman-group-exchange-sha256, diffie-hellman-group16-sha512, diffie-hellman-group18-sha512, diffie-hellman-group14-sha256, diffie-hellman-group14-sha1
DEBUG:paramiko.transport:server key: rsa-sha2-512, rsa-sha2-256, ssh-rsa, ecdsa-sha2-nistp256, ssh-ed25519
DEBUG:paramiko.transport:client encrypt: chacha20-poly1305@openssh.com, aes128-ctr, aes192-ctr, aes256-ctr, aes128-gcm@openssh.com, aes256-gcm@openssh.com
DEBUG:paramiko.transport:server encrypt: chacha20-poly1305@openssh.com, aes128-ctr, aes192-ctr, aes256-ctr, aes128-gcm@openssh.com, aes256-gcm@openssh.com
DEBUG:paramiko.transport:client mac: umac-64-etm@openssh.com, umac-128-etm@openssh.com, hmac-sha2-256-etm@openssh.com, hmac-sha2-512-etm@openssh.com, hmac-sha1-etm@openssh.com, umac-64@openssh.com, umac-128@openssh.com, hmac-sha2-256, hmac-sha2-512, hmac-sha1
DEBUG:paramiko.transport:server mac: umac-64-etm@openssh.com, umac-128-etm@openssh.com, hmac-sha2-256-etm@openssh.com, hmac-sha2-512-etm@openssh.com, hmac-sha1-etm@openssh.com, umac-64@openssh.com, umac-128@openssh.com, hmac-sha2-256, hmac-sha2-512, hmac-sha1
DEBUG:paramiko.transport:client compress: none, zlib@openssh.com
DEBUG:paramiko.transport:server compress: none, zlib@openssh.com
DEBUG:paramiko.transport:client lang: <none>
DEBUG:paramiko.transport:server lang: <none>
DEBUG:paramiko.transport:kex follows: False
DEBUG:paramiko.transport:=== Key exchange agreements ===
DEBUG:paramiko.transport:Kex: curve25519-sha256@libssh.org
DEBUG:paramiko.transport:HostKey: ssh-ed25519
DEBUG:paramiko.transport:Cipher: aes128-ctr
DEBUG:paramiko.transport:MAC: hmac-sha2-256
DEBUG:paramiko.transport:Compression: none
DEBUG:paramiko.transport:=== End of kex handshake ===
DEBUG:paramiko.transport:kex engine KexCurve25519 specified hash_algo <built-in function openssl_sha256>
DEBUG:paramiko.transport:Switch to new keys ...
DEBUG:paramiko.transport:Adding ssh-ed25519 host key for 35.238.177.85: b'99e59f270b7c120569420eaec9797263'
DEBUG:paramiko.transport:Got EXT_INFO: {'server-sig-algs': b'ssh-ed25519,ssh-rsa,rsa-sha2-256,rsa-sha2-512,ssh-dss,ecdsa-sha2-nistp256,ecdsa-sha2-nistp384,ecdsa-sha2-nistp521'}
DEBUG:paramiko.transport:Trying discovered key b'2259caff394641606d86edfca59bbfee' in C:\Users\anujs\Documents\enabler.pub
DEBUG:paramiko.transport:userauth is OK
DEBUG:paramiko.transport:Finalizing pubkey algorithm for key of type 'ssh-rsa'
DEBUG:paramiko.transport:Our pubkey algorithm list: ['rsa-sha2-512', 'rsa-sha2-256', 'ssh-rsa']
DEBUG:paramiko.transport:Server-side algorithm list: ['ssh-ed25519', 'ssh-rsa', 'rsa-sha2-256', 'rsa-sha2-512', 'ssh-dss', 'ecdsa-sha2-nistp256', 'ecdsa-sha2-nistp384', 'ecdsa-sha2-nistp521']
DEBUG:paramiko.transport:Agreed upon 'rsa-sha2-512' pubkey algorithm
INFO:paramiko.transport:Authentication (publickey) successful!
INFO:parmiko-client-logger:Found SSH key at self C:\Users\anujs\Documents\enabler.pub
DEBUG:paramiko.transport:Received global request "hostkeys-00@openssh.com"
DEBUG:paramiko.transport:Rejecting "hostkeys-00@openssh.com" global request from server.
DEBUG:paramiko.transport:Debug msg: b'/home/admin/.ssh/authorized_keys:2: key options: agent-forwarding port-forwarding pty user-rc x11-forwarding'
DEBUG:paramiko.transport:starting thread (client mode): 0xf51d4288
DEBUG:paramiko.transport:Local version/idstring: SSH-2.0-paramiko_2.9.2
DEBUG:paramiko.transport:Remote version/idstring: SSH-2.0-OpenSSH_7.9p1 Debian-10+deb10u2
INFO:paramiko.transport:Connected (version 2.0, client OpenSSH_7.9p1)
DEBUG:paramiko.transport:=== Key exchange possibilities ===
DEBUG:paramiko.transport:kex algos: curve25519-sha256, curve25519-sha256@libssh.org, ecdh-sha2-nistp256, ecdh-sha2-nistp384, ecdh-sha2-nistp521, diffie-hellman-group-exchange-sha256, diffie-hellman-group16-sha512, diffie-hellman-group18-sha512, diffie-hellman-group14-sha256, diffie-hellman-group14-sha1
DEBUG:paramiko.transport:server key: rsa-sha2-512, rsa-sha2-256, ssh-rsa, ecdsa-sha2-nistp256, ssh-ed25519
DEBUG:paramiko.transport:client encrypt: chacha20-poly1305@openssh.com, aes128-ctr, aes192-ctr, aes256-ctr, aes128-gcm@openssh.com, aes256-gcm@openssh.com
DEBUG:paramiko.transport:server encrypt: chacha20-poly1305@openssh.com, aes128-ctr, aes192-ctr, aes256-ctr, aes128-gcm@openssh.com, aes256-gcm@openssh.com
DEBUG:paramiko.transport:client mac: umac-64-etm@openssh.com, umac-128-etm@openssh.com, hmac-sha2-256-etm@openssh.com, hmac-sha2-512-etm@openssh.com, hmac-sha1-etm@openssh.com, umac-64@openssh.com, umac-128@openssh.com, hmac-sha2-256, hmac-sha2-512, hmac-sha1
DEBUG:paramiko.transport:server mac: umac-64-etm@openssh.com, umac-128-etm@openssh.com, hmac-sha2-256-etm@openssh.com, hmac-sha2-512-etm@openssh.com, hmac-sha1-etm@openssh.com, umac-64@openssh.com, umac-128@openssh.com, hmac-sha2-256, hmac-sha2-512, hmac-sha1
DEBUG:paramiko.transport:client compress: none, zlib@openssh.com
DEBUG:paramiko.transport:server compress: none, zlib@openssh.com
DEBUG:paramiko.transport:client lang: <none>
DEBUG:paramiko.transport:server lang: <none>
DEBUG:paramiko.transport:kex follows: False
DEBUG:paramiko.transport:=== Key exchange agreements ===
DEBUG:paramiko.transport:Kex: curve25519-sha256@libssh.org
DEBUG:paramiko.transport:HostKey: ssh-ed25519
DEBUG:paramiko.transport:Cipher: aes128-ctr
DEBUG:paramiko.transport:MAC: hmac-sha2-256
DEBUG:paramiko.transport:Compression: none
DEBUG:paramiko.transport:=== End of kex handshake ===
DEBUG:paramiko.transport:kex engine KexCurve25519 specified hash_algo <built-in function openssl_sha256>
DEBUG:paramiko.transport:Switch to new keys ...
DEBUG:paramiko.transport:Adding ssh-ed25519 host key for 35.238.177.85: b'99e59f270b7c120569420eaec9797263'
DEBUG:paramiko.transport:Got EXT_INFO: {'server-sig-algs': b'ssh-ed25519,ssh-rsa,rsa-sha2-256,rsa-sha2-512,ssh-dss,ecdsa-sha2-nistp256,ecdsa-sha2-nistp384,ecdsa-sha2-nistp521'}
DEBUG:paramiko.transport:Trying discovered key b'2259caff394641606d86edfca59bbfee' in C:\Users\anujs\Documents\enabler.pub
DEBUG:paramiko.transport:userauth is OK
DEBUG:paramiko.transport:Finalizing pubkey algorithm for key of type 'ssh-rsa'
DEBUG:paramiko.transport:Our pubkey algorithm list: ['rsa-sha2-512', 'rsa-sha2-256', 'ssh-rsa']
DEBUG:paramiko.transport:Server-side algorithm list: ['ssh-ed25519', 'ssh-rsa', 'rsa-sha2-256', 'rsa-sha2-512', 'ssh-dss', 'ecdsa-sha2-nistp256', 'ecdsa-sha2-nistp384', 'ecdsa-sha2-nistp521']
DEBUG:paramiko.transport:Agreed upon 'rsa-sha2-512' pubkey algorithm
INFO:paramiko.transport:Authentication (publickey) successful!
DEBUG:paramiko.transport:[chan 0] Max packet in: 32768 bytes
DEBUG:paramiko.transport:Received global request "hostkeys-00@openssh.com"
DEBUG:paramiko.transport:Rejecting "hostkeys-00@openssh.com" global request from server.
DEBUG:paramiko.transport:Debug msg: b'/home/admin/.ssh/authorized_keys:2: key options: agent-forwarding port-forwarding pty user-rc x11-forwarding'
DEBUG:paramiko.transport:[chan 0] Max packet out: 32768 bytes
DEBUG:paramiko.transport:Secsh channel 0 opened.
DEBUG:paramiko.transport:[chan 0] Sesch channel 0 request ok
DEBUG:paramiko.transport:[chan 0] EOF sent (0)
INFO:parmiko-client-logger:Finished uploading 1 files to /home/admin/ on 35.238.177.85
DEBUG:paramiko.transport:[chan 0] Max packet in: 32768 bytes
DEBUG:paramiko.transport:[chan 0] EOF received (0)
DEBUG:paramiko.transport:[chan 0] Max packet out: 32768 bytes
DEBUG:paramiko.transport:Secsh channel 0 opened.
DEBUG:paramiko.transport:[chan 0] Sesch channel 0 request ok
DEBUG:paramiko.transport:[chan 0] EOF received (0)
DEBUG:paramiko.transport:[chan 1] Max packet in: 32768 bytes
DEBUG:paramiko.transport:[chan 0] EOF sent (0)
DEBUG:paramiko.transport:[chan 1] Max packet out: 32768 bytes
DEBUG:paramiko.transport:Secsh channel 1 opened.
DEBUG:paramiko.transport:[chan 1] Sesch channel 1 request ok
DEBUG:paramiko.transport:[chan 1] EOF received (1)
DEBUG:paramiko.transport:[chan 1] EOF sent (1)
DEBUG:paramiko.transport:[chan 2] Max packet in: 32768 bytes
DEBUG:paramiko.transport:[chan 2] Max packet out: 32768 bytes
DEBUG:paramiko.transport:Secsh channel 2 opened.
DEBUG:paramiko.transport:[chan 2] Sesch channel 2 request ok
DEBUG:paramiko.transport:[chan 2] EOF received (2)
DEBUG:paramiko.transport:[chan 2] EOF sent (2)
DEBUG:paramiko.transport:[chan 3] Max packet in: 32768 bytes
DEBUG:paramiko.transport:[chan 3] Max packet out: 32768 bytes
DEBUG:paramiko.transport:Secsh channel 3 opened.
DEBUG:paramiko.transport:[chan 3] Sesch channel 3 request ok
DEBUG:paramiko.transport:[chan 3] EOF received (3)
DEBUG:paramiko.transport:[chan 3] EOF sent (3)
DEBUG:paramiko.transport:[chan 4] Max packet in: 32768 bytes
DEBUG:paramiko.transport:[chan 4] Max packet out: 32768 bytes
DEBUG:paramiko.transport:Secsh channel 4 opened.
DEBUG:paramiko.transport:[chan 4] Sesch channel 4 request ok
DEBUG:paramiko.transport:[chan 4] EOF received (4)
DEBUG:paramiko.transport:[chan 4] EOF sent (4)
DEBUG:paramiko.transport:EOF in transport thread
DEBUG:root:started
DEBUG:paramiko.transport:starting thread (client mode): 0x74a85508
DEBUG:paramiko.transport:Local version/idstring: SSH-2.0-paramiko_2.9.2
DEBUG:paramiko.transport:Remote version/idstring: SSH-2.0-OpenSSH_7.9p1 Debian-10+deb10u2
INFO:paramiko.transport:Connected (version 2.0, client OpenSSH_7.9p1)
DEBUG:paramiko.transport:=== Key exchange possibilities ===
DEBUG:paramiko.transport:kex algos: curve25519-sha256, curve25519-sha256@libssh.org, ecdh-sha2-nistp256, ecdh-sha2-nistp384, ecdh-sha2-nistp521, diffie-hellman-group-exchange-sha256, diffie-hellman-group16-sha512, diffie-hellman-group18-sha512, diffie-hellman-group14-sha256, diffie-hellman-group14-sha1
DEBUG:paramiko.transport:server key: rsa-sha2-512, rsa-sha2-256, ssh-rsa, ecdsa-sha2-nistp256, ssh-ed25519
DEBUG:paramiko.transport:client encrypt: chacha20-poly1305@openssh.com, aes128-ctr, aes192-ctr, aes256-ctr, aes128-gcm@openssh.com, aes256-gcm@openssh.com
DEBUG:paramiko.transport:server encrypt: chacha20-poly1305@openssh.com, aes128-ctr, aes192-ctr, aes256-ctr, aes128-gcm@openssh.com, aes256-gcm@openssh.com
DEBUG:paramiko.transport:client mac: umac-64-etm@openssh.com, umac-128-etm@openssh.com, hmac-sha2-256-etm@openssh.com, hmac-sha2-512-etm@openssh.com, hmac-sha1-etm@openssh.com, umac-64@openssh.com, umac-128@openssh.com, hmac-sha2-256, hmac-sha2-512, hmac-sha1
DEBUG:paramiko.transport:server mac: umac-64-etm@openssh.com, umac-128-etm@openssh.com, hmac-sha2-256-etm@openssh.com, hmac-sha2-512-etm@openssh.com, hmac-sha1-etm@openssh.com, umac-64@openssh.com, umac-128@openssh.com, hmac-sha2-256, hmac-sha2-512, hmac-sha1
DEBUG:paramiko.transport:client compress: none, zlib@openssh.com
DEBUG:paramiko.transport:server compress: none, zlib@openssh.com
DEBUG:paramiko.transport:client lang: <none>
DEBUG:paramiko.transport:server lang: <none>
DEBUG:paramiko.transport:kex follows: False
DEBUG:paramiko.transport:=== Key exchange agreements ===
DEBUG:paramiko.transport:Kex: curve25519-sha256@libssh.org
DEBUG:paramiko.transport:HostKey: ssh-ed25519
DEBUG:paramiko.transport:Cipher: aes128-ctr
DEBUG:paramiko.transport:MAC: hmac-sha2-256
DEBUG:paramiko.transport:Compression: none
DEBUG:paramiko.transport:=== End of kex handshake ===
DEBUG:paramiko.transport:kex engine KexCurve25519 specified hash_algo <built-in function openssl_sha256>
DEBUG:paramiko.transport:Switch to new keys ...
DEBUG:paramiko.transport:Adding ssh-ed25519 host key for 35.238.177.85: b'99e59f270b7c120569420eaec9797263'
DEBUG:paramiko.transport:Got EXT_INFO: {'server-sig-algs': b'ssh-ed25519,ssh-rsa,rsa-sha2-256,rsa-sha2-512,ssh-dss,ecdsa-sha2-nistp256,ecdsa-sha2-nistp384,ecdsa-sha2-nistp521'}
DEBUG:paramiko.transport:Trying discovered key b'2259caff394641606d86edfca59bbfee' in C:\Users\anujs\Documents\enabler.pub
DEBUG:paramiko.transport:userauth is OK
DEBUG:paramiko.transport:Finalizing pubkey algorithm for key of type 'ssh-rsa'
DEBUG:paramiko.transport:Our pubkey algorithm list: ['rsa-sha2-512', 'rsa-sha2-256', 'ssh-rsa']
DEBUG:paramiko.transport:Server-side algorithm list: ['ssh-ed25519', 'ssh-rsa', 'rsa-sha2-256', 'rsa-sha2-512', 'ssh-dss', 'ecdsa-sha2-nistp256', 'ecdsa-sha2-nistp384', 'ecdsa-sha2-nistp521']
DEBUG:paramiko.transport:Agreed upon 'rsa-sha2-512' pubkey algorithm
INFO:paramiko.transport:Authentication (publickey) successful!
INFO:parmiko-client-logger:Found SSH key at self C:\Users\anujs\Documents\enabler.pub
DEBUG:paramiko.transport:Received global request "hostkeys-00@openssh.com"
DEBUG:paramiko.transport:Rejecting "hostkeys-00@openssh.com" global request from server.
DEBUG:paramiko.transport:Debug msg: b'/home/admin/.ssh/authorized_keys:2: key options: agent-forwarding port-forwarding pty user-rc x11-forwarding'
DEBUG:paramiko.transport:starting thread (client mode): 0x74aa5a08
DEBUG:paramiko.transport:Local version/idstring: SSH-2.0-paramiko_2.9.2
DEBUG:paramiko.transport:Remote version/idstring: SSH-2.0-OpenSSH_7.9p1 Debian-10+deb10u2
INFO:paramiko.transport:Connected (version 2.0, client OpenSSH_7.9p1)
DEBUG:paramiko.transport:=== Key exchange possibilities ===
DEBUG:paramiko.transport:kex algos: curve25519-sha256, curve25519-sha256@libssh.org, ecdh-sha2-nistp256, ecdh-sha2-nistp384, ecdh-sha2-nistp521, diffie-hellman-group-exchange-sha256, diffie-hellman-group16-sha512, diffie-hellman-group18-sha512, diffie-hellman-group14-sha256, diffie-hellman-group14-sha1
DEBUG:paramiko.transport:server key: rsa-sha2-512, rsa-sha2-256, ssh-rsa, ecdsa-sha2-nistp256, ssh-ed25519
DEBUG:paramiko.transport:client encrypt: chacha20-poly1305@openssh.com, aes128-ctr, aes192-ctr, aes256-ctr, aes128-gcm@openssh.com, aes256-gcm@openssh.com
DEBUG:paramiko.transport:server encrypt: chacha20-poly1305@openssh.com, aes128-ctr, aes192-ctr, aes256-ctr, aes128-gcm@openssh.com, aes256-gcm@openssh.com
DEBUG:paramiko.transport:client mac: umac-64-etm@openssh.com, umac-128-etm@openssh.com, hmac-sha2-256-etm@openssh.com, hmac-sha2-512-etm@openssh.com, hmac-sha1-etm@openssh.com, umac-64@openssh.com, umac-128@openssh.com, hmac-sha2-256, hmac-sha2-512, hmac-sha1
DEBUG:paramiko.transport:server mac: umac-64-etm@openssh.com, umac-128-etm@openssh.com, hmac-sha2-256-etm@openssh.com, hmac-sha2-512-etm@openssh.com, hmac-sha1-etm@openssh.com, umac-64@openssh.com, umac-128@openssh.com, hmac-sha2-256, hmac-sha2-512, hmac-sha1
DEBUG:paramiko.transport:client compress: none, zlib@openssh.com
DEBUG:paramiko.transport:server compress: none, zlib@openssh.com
DEBUG:paramiko.transport:client lang: <none>
DEBUG:paramiko.transport:server lang: <none>
DEBUG:paramiko.transport:kex follows: False
DEBUG:paramiko.transport:=== Key exchange agreements ===
DEBUG:paramiko.transport:Kex: curve25519-sha256@libssh.org
DEBUG:paramiko.transport:HostKey: ssh-ed25519
DEBUG:paramiko.transport:Cipher: aes128-ctr
DEBUG:paramiko.transport:MAC: hmac-sha2-256
DEBUG:paramiko.transport:Compression: none
DEBUG:paramiko.transport:=== End of kex handshake ===
DEBUG:paramiko.transport:kex engine KexCurve25519 specified hash_algo <built-in function openssl_sha256>
DEBUG:paramiko.transport:Switch to new keys ...
DEBUG:paramiko.transport:Adding ssh-ed25519 host key for 35.238.177.85: b'99e59f270b7c120569420eaec9797263'
DEBUG:paramiko.transport:Got EXT_INFO: {'server-sig-algs': b'ssh-ed25519,ssh-rsa,rsa-sha2-256,rsa-sha2-512,ssh-dss,ecdsa-sha2-nistp256,ecdsa-sha2-nistp384,ecdsa-sha2-nistp521'}
DEBUG:paramiko.transport:Trying discovered key b'2259caff394641606d86edfca59bbfee' in C:\Users\anujs\Documents\enabler.pub
DEBUG:paramiko.transport:userauth is OK
DEBUG:paramiko.transport:Finalizing pubkey algorithm for key of type 'ssh-rsa'
DEBUG:paramiko.transport:Our pubkey algorithm list: ['rsa-sha2-512', 'rsa-sha2-256', 'ssh-rsa']
DEBUG:paramiko.transport:Server-side algorithm list: ['ssh-ed25519', 'ssh-rsa', 'rsa-sha2-256', 'rsa-sha2-512', 'ssh-dss', 'ecdsa-sha2-nistp256', 'ecdsa-sha2-nistp384', 'ecdsa-sha2-nistp521']
DEBUG:paramiko.transport:Agreed upon 'rsa-sha2-512' pubkey algorithm
INFO:paramiko.transport:Authentication (publickey) successful!
DEBUG:paramiko.transport:[chan 0] Max packet in: 32768 bytes
DEBUG:paramiko.transport:Received global request "hostkeys-00@openssh.com"
DEBUG:paramiko.transport:Rejecting "hostkeys-00@openssh.com" global request from server.
DEBUG:paramiko.transport:Debug msg: b'/home/admin/.ssh/authorized_keys:2: key options: agent-forwarding port-forwarding pty user-rc x11-forwarding'
DEBUG:paramiko.transport:[chan 0] Max packet out: 32768 bytes
DEBUG:paramiko.transport:Secsh channel 0 opened.
DEBUG:paramiko.transport:[chan 0] Sesch channel 0 request ok
DEBUG:paramiko.transport:[chan 0] EOF sent (0)
INFO:parmiko-client-logger:Finished uploading 1 files to /home/admin/ on 35.238.177.85
DEBUG:paramiko.transport:[chan 0] Max packet in: 32768 bytes
DEBUG:paramiko.transport:[chan 0] Max packet out: 32768 bytes
DEBUG:paramiko.transport:[chan 0] EOF received (0)
DEBUG:paramiko.transport:Secsh channel 0 opened.
DEBUG:paramiko.transport:[chan 0] Sesch channel 0 request ok
DEBUG:paramiko.transport:[chan 0] EOF received (0)
DEBUG:paramiko.transport:[chan 0] EOF sent (0)
DEBUG:paramiko.transport:[chan 1] Max packet in: 32768 bytes
DEBUG:paramiko.transport:[chan 1] Max packet out: 32768 bytes
DEBUG:paramiko.transport:Secsh channel 1 opened.
DEBUG:paramiko.transport:[chan 1] Sesch channel 1 request ok
DEBUG:paramiko.transport:[chan 1] EOF received (1)
DEBUG:paramiko.transport:[chan 1] EOF sent (1)
DEBUG:paramiko.transport:[chan 2] Max packet in: 32768 bytes
DEBUG:paramiko.transport:[chan 2] Max packet out: 32768 bytes
DEBUG:paramiko.transport:Secsh channel 2 opened.
DEBUG:paramiko.transport:[chan 2] Sesch channel 2 request ok
DEBUG:paramiko.transport:[chan 2] EOF received (2)
DEBUG:paramiko.transport:[chan 2] EOF sent (2)
DEBUG:paramiko.transport:[chan 3] Max packet in: 32768 bytes
DEBUG:paramiko.transport:[chan 3] Max packet out: 32768 bytes
DEBUG:paramiko.transport:Secsh channel 3 opened.
DEBUG:paramiko.transport:[chan 3] Sesch channel 3 request ok
DEBUG:paramiko.transport:[chan 3] EOF received (3)
DEBUG:paramiko.transport:[chan 3] EOF sent (3)
DEBUG:paramiko.transport:[chan 4] Max packet in: 32768 bytes
DEBUG:paramiko.transport:[chan 4] Max packet out: 32768 bytes
DEBUG:paramiko.transport:Secsh channel 4 opened.
DEBUG:paramiko.transport:[chan 4] Sesch channel 4 request ok
DEBUG:paramiko.transport:[chan 4] EOF received (4)
DEBUG:paramiko.transport:[chan 4] EOF sent (4)
DEBUG:paramiko.transport:EOF in transport thread
DEBUG:paramiko.transport:EOF in transport thread
DEBUG:root:started
DEBUG:paramiko.transport:starting thread (client mode): 0x34907448
DEBUG:paramiko.transport:Local version/idstring: SSH-2.0-paramiko_2.9.2
DEBUG:paramiko.transport:Remote version/idstring: SSH-2.0-OpenSSH_7.9p1 Debian-10+deb10u2
INFO:paramiko.transport:Connected (version 2.0, client OpenSSH_7.9p1)
DEBUG:paramiko.transport:=== Key exchange possibilities ===
DEBUG:paramiko.transport:kex algos: curve25519-sha256, curve25519-sha256@libssh.org, ecdh-sha2-nistp256, ecdh-sha2-nistp384, ecdh-sha2-nistp521, diffie-hellman-group-exchange-sha256, diffie-hellman-group16-sha512, diffie-hellman-group18-sha512, diffie-hellman-group14-sha256, diffie-hellman-group14-sha1
DEBUG:paramiko.transport:server key: rsa-sha2-512, rsa-sha2-256, ssh-rsa, ecdsa-sha2-nistp256, ssh-ed25519
DEBUG:paramiko.transport:client encrypt: chacha20-poly1305@openssh.com, aes128-ctr, aes192-ctr, aes256-ctr, aes128-gcm@openssh.com, aes256-gcm@openssh.com
DEBUG:paramiko.transport:server encrypt: chacha20-poly1305@openssh.com, aes128-ctr, aes192-ctr, aes256-ctr, aes128-gcm@openssh.com, aes256-gcm@openssh.com
DEBUG:paramiko.transport:client mac: umac-64-etm@openssh.com, umac-128-etm@openssh.com, hmac-sha2-256-etm@openssh.com, hmac-sha2-512-etm@openssh.com, hmac-sha1-etm@openssh.com, umac-64@openssh.com, umac-128@openssh.com, hmac-sha2-256, hmac-sha2-512, hmac-sha1
DEBUG:paramiko.transport:server mac: umac-64-etm@openssh.com, umac-128-etm@openssh.com, hmac-sha2-256-etm@openssh.com, hmac-sha2-512-etm@openssh.com, hmac-sha1-etm@openssh.com, umac-64@openssh.com, umac-128@openssh.com, hmac-sha2-256, hmac-sha2-512, hmac-sha1
DEBUG:paramiko.transport:client compress: none, zlib@openssh.com
DEBUG:paramiko.transport:server compress: none, zlib@openssh.com
DEBUG:paramiko.transport:client lang: <none>
DEBUG:paramiko.transport:server lang: <none>
DEBUG:paramiko.transport:kex follows: False
DEBUG:paramiko.transport:=== Key exchange agreements ===
DEBUG:paramiko.transport:Kex: curve25519-sha256@libssh.org
DEBUG:paramiko.transport:HostKey: ssh-ed25519
DEBUG:paramiko.transport:Cipher: aes128-ctr
DEBUG:paramiko.transport:MAC: hmac-sha2-256
DEBUG:paramiko.transport:Compression: none
DEBUG:paramiko.transport:=== End of kex handshake ===
DEBUG:paramiko.transport:kex engine KexCurve25519 specified hash_algo <built-in function openssl_sha256>
DEBUG:paramiko.transport:Switch to new keys ...
DEBUG:paramiko.transport:Adding ssh-ed25519 host key for 35.238.177.85: b'99e59f270b7c120569420eaec9797263'
DEBUG:paramiko.transport:Got EXT_INFO: {'server-sig-algs': b'ssh-ed25519,ssh-rsa,rsa-sha2-256,rsa-sha2-512,ssh-dss,ecdsa-sha2-nistp256,ecdsa-sha2-nistp384,ecdsa-sha2-nistp521'}
DEBUG:paramiko.transport:Trying discovered key b'2259caff394641606d86edfca59bbfee' in C:\Users\anujs\Documents\enabler.pub
DEBUG:paramiko.transport:userauth is OK
DEBUG:paramiko.transport:Finalizing pubkey algorithm for key of type 'ssh-rsa'
DEBUG:paramiko.transport:Our pubkey algorithm list: ['rsa-sha2-512', 'rsa-sha2-256', 'ssh-rsa']
DEBUG:paramiko.transport:Server-side algorithm list: ['ssh-ed25519', 'ssh-rsa', 'rsa-sha2-256', 'rsa-sha2-512', 'ssh-dss', 'ecdsa-sha2-nistp256', 'ecdsa-sha2-nistp384', 'ecdsa-sha2-nistp521']
DEBUG:paramiko.transport:Agreed upon 'rsa-sha2-512' pubkey algorithm
INFO:paramiko.transport:Authentication (publickey) successful!
INFO:parmiko-client-logger:Found SSH key at self C:\Users\anujs\Documents\enabler.pub
DEBUG:paramiko.transport:Received global request "hostkeys-00@openssh.com"
DEBUG:paramiko.transport:Rejecting "hostkeys-00@openssh.com" global request from server.
DEBUG:paramiko.transport:Debug msg: b'/home/admin/.ssh/authorized_keys:2: key options: agent-forwarding port-forwarding pty user-rc x11-forwarding'
DEBUG:paramiko.transport:starting thread (client mode): 0x34925988
DEBUG:paramiko.transport:Local version/idstring: SSH-2.0-paramiko_2.9.2
DEBUG:paramiko.transport:Remote version/idstring: SSH-2.0-OpenSSH_7.9p1 Debian-10+deb10u2
INFO:paramiko.transport:Connected (version 2.0, client OpenSSH_7.9p1)
DEBUG:paramiko.transport:=== Key exchange possibilities ===
DEBUG:paramiko.transport:kex algos: curve25519-sha256, curve25519-sha256@libssh.org, ecdh-sha2-nistp256, ecdh-sha2-nistp384, ecdh-sha2-nistp521, diffie-hellman-group-exchange-sha256, diffie-hellman-group16-sha512, diffie-hellman-group18-sha512, diffie-hellman-group14-sha256, diffie-hellman-group14-sha1
DEBUG:paramiko.transport:server key: rsa-sha2-512, rsa-sha2-256, ssh-rsa, ecdsa-sha2-nistp256, ssh-ed25519
DEBUG:paramiko.transport:client encrypt: chacha20-poly1305@openssh.com, aes128-ctr, aes192-ctr, aes256-ctr, aes128-gcm@openssh.com, aes256-gcm@openssh.com
DEBUG:paramiko.transport:server encrypt: chacha20-poly1305@openssh.com, aes128-ctr, aes192-ctr, aes256-ctr, aes128-gcm@openssh.com, aes256-gcm@openssh.com
DEBUG:paramiko.transport:client mac: umac-64-etm@openssh.com, umac-128-etm@openssh.com, hmac-sha2-256-etm@openssh.com, hmac-sha2-512-etm@openssh.com, hmac-sha1-etm@openssh.com, umac-64@openssh.com, umac-128@openssh.com, hmac-sha2-256, hmac-sha2-512, hmac-sha1
DEBUG:paramiko.transport:server mac: umac-64-etm@openssh.com, umac-128-etm@openssh.com, hmac-sha2-256-etm@openssh.com, hmac-sha2-512-etm@openssh.com, hmac-sha1-etm@openssh.com, umac-64@openssh.com, umac-128@openssh.com, hmac-sha2-256, hmac-sha2-512, hmac-sha1
DEBUG:paramiko.transport:client compress: none, zlib@openssh.com
DEBUG:paramiko.transport:server compress: none, zlib@openssh.com
DEBUG:paramiko.transport:client lang: <none>
DEBUG:paramiko.transport:server lang: <none>
DEBUG:paramiko.transport:kex follows: False
DEBUG:paramiko.transport:=== Key exchange agreements ===
DEBUG:paramiko.transport:Kex: curve25519-sha256@libssh.org
DEBUG:paramiko.transport:HostKey: ssh-ed25519
DEBUG:paramiko.transport:Cipher: aes128-ctr
DEBUG:paramiko.transport:MAC: hmac-sha2-256
DEBUG:paramiko.transport:Compression: none
DEBUG:paramiko.transport:=== End of kex handshake ===
DEBUG:paramiko.transport:kex engine KexCurve25519 specified hash_algo <built-in function openssl_sha256>
DEBUG:paramiko.transport:Switch to new keys ...
DEBUG:paramiko.transport:Adding ssh-ed25519 host key for 35.238.177.85: b'99e59f270b7c120569420eaec9797263'
DEBUG:paramiko.transport:Got EXT_INFO: {'server-sig-algs': b'ssh-ed25519,ssh-rsa,rsa-sha2-256,rsa-sha2-512,ssh-dss,ecdsa-sha2-nistp256,ecdsa-sha2-nistp384,ecdsa-sha2-nistp521'}
DEBUG:paramiko.transport:Trying discovered key b'2259caff394641606d86edfca59bbfee' in C:\Users\anujs\Documents\enabler.pub
DEBUG:paramiko.transport:userauth is OK
DEBUG:paramiko.transport:Finalizing pubkey algorithm for key of type 'ssh-rsa'
DEBUG:paramiko.transport:Our pubkey algorithm list: ['rsa-sha2-512', 'rsa-sha2-256', 'ssh-rsa']
DEBUG:paramiko.transport:Server-side algorithm list: ['ssh-ed25519', 'ssh-rsa', 'rsa-sha2-256', 'rsa-sha2-512', 'ssh-dss', 'ecdsa-sha2-nistp256', 'ecdsa-sha2-nistp384', 'ecdsa-sha2-nistp521']
DEBUG:paramiko.transport:Agreed upon 'rsa-sha2-512' pubkey algorithm
INFO:paramiko.transport:Authentication (publickey) successful!
DEBUG:paramiko.transport:[chan 0] Max packet in: 32768 bytes
DEBUG:paramiko.transport:Received global request "hostkeys-00@openssh.com"
DEBUG:paramiko.transport:Rejecting "hostkeys-00@openssh.com" global request from server.
DEBUG:paramiko.transport:Debug msg: b'/home/admin/.ssh/authorized_keys:2: key options: agent-forwarding port-forwarding pty user-rc x11-forwarding'
DEBUG:paramiko.transport:[chan 0] Max packet out: 32768 bytes
DEBUG:paramiko.transport:Secsh channel 0 opened.
DEBUG:paramiko.transport:[chan 0] Sesch channel 0 request ok
DEBUG:paramiko.transport:[chan 0] EOF sent (0)
INFO:parmiko-client-logger:Finished uploading 1 files to /home/admin/ on 35.238.177.85
DEBUG:paramiko.transport:[chan 0] EOF received (0)
DEBUG:paramiko.transport:starting thread (client mode): 0x34925f08
DEBUG:paramiko.transport:Local version/idstring: SSH-2.0-paramiko_2.9.2
DEBUG:paramiko.transport:Remote version/idstring: SSH-2.0-OpenSSH_7.9p1 Debian-10+deb10u2
INFO:paramiko.transport:Connected (version 2.0, client OpenSSH_7.9p1)
DEBUG:paramiko.transport:=== Key exchange possibilities ===
DEBUG:paramiko.transport:kex algos: curve25519-sha256, curve25519-sha256@libssh.org, ecdh-sha2-nistp256, ecdh-sha2-nistp384, ecdh-sha2-nistp521, diffie-hellman-group-exchange-sha256, diffie-hellman-group16-sha512, diffie-hellman-group18-sha512, diffie-hellman-group14-sha256, diffie-hellman-group14-sha1
DEBUG:paramiko.transport:server key: rsa-sha2-512, rsa-sha2-256, ssh-rsa, ecdsa-sha2-nistp256, ssh-ed25519
DEBUG:paramiko.transport:client encrypt: chacha20-poly1305@openssh.com, aes128-ctr, aes192-ctr, aes256-ctr, aes128-gcm@openssh.com, aes256-gcm@openssh.com
DEBUG:paramiko.transport:server encrypt: chacha20-poly1305@openssh.com, aes128-ctr, aes192-ctr, aes256-ctr, aes128-gcm@openssh.com, aes256-gcm@openssh.com
DEBUG:paramiko.transport:client mac: umac-64-etm@openssh.com, umac-128-etm@openssh.com, hmac-sha2-256-etm@openssh.com, hmac-sha2-512-etm@openssh.com, hmac-sha1-etm@openssh.com, umac-64@openssh.com, umac-128@openssh.com, hmac-sha2-256, hmac-sha2-512, hmac-sha1
DEBUG:paramiko.transport:server mac: umac-64-etm@openssh.com, umac-128-etm@openssh.com, hmac-sha2-256-etm@openssh.com, hmac-sha2-512-etm@openssh.com, hmac-sha1-etm@openssh.com, umac-64@openssh.com, umac-128@openssh.com, hmac-sha2-256, hmac-sha2-512, hmac-sha1
DEBUG:paramiko.transport:client compress: none, zlib@openssh.com
DEBUG:paramiko.transport:server compress: none, zlib@openssh.com
DEBUG:paramiko.transport:client lang: <none>
DEBUG:paramiko.transport:server lang: <none>
DEBUG:paramiko.transport:kex follows: False
DEBUG:paramiko.transport:=== Key exchange agreements ===
DEBUG:paramiko.transport:Kex: curve25519-sha256@libssh.org
DEBUG:paramiko.transport:HostKey: ssh-ed25519
DEBUG:paramiko.transport:Cipher: aes128-ctr
DEBUG:paramiko.transport:MAC: hmac-sha2-256
DEBUG:paramiko.transport:Compression: none
DEBUG:paramiko.transport:=== End of kex handshake ===
DEBUG:paramiko.transport:kex engine KexCurve25519 specified hash_algo <built-in function openssl_sha256>
DEBUG:paramiko.transport:Switch to new keys ...
DEBUG:paramiko.transport:Adding ssh-ed25519 host key for 35.238.177.85: b'99e59f270b7c120569420eaec9797263'
DEBUG:paramiko.transport:Got EXT_INFO: {'server-sig-algs': b'ssh-ed25519,ssh-rsa,rsa-sha2-256,rsa-sha2-512,ssh-dss,ecdsa-sha2-nistp256,ecdsa-sha2-nistp384,ecdsa-sha2-nistp521'}
DEBUG:paramiko.transport:Trying discovered key b'2259caff394641606d86edfca59bbfee' in C:\Users\anujs\Documents\enabler.pub
DEBUG:paramiko.transport:userauth is OK
DEBUG:paramiko.transport:Finalizing pubkey algorithm for key of type 'ssh-rsa'
DEBUG:paramiko.transport:Our pubkey algorithm list: ['rsa-sha2-512', 'rsa-sha2-256', 'ssh-rsa']
DEBUG:paramiko.transport:Server-side algorithm list: ['ssh-ed25519', 'ssh-rsa', 'rsa-sha2-256', 'rsa-sha2-512', 'ssh-dss', 'ecdsa-sha2-nistp256', 'ecdsa-sha2-nistp384', 'ecdsa-sha2-nistp521']
DEBUG:paramiko.transport:Agreed upon 'rsa-sha2-512' pubkey algorithm
INFO:paramiko.transport:Authentication (publickey) successful!
DEBUG:paramiko.transport:[chan 0] Max packet in: 32768 bytes
DEBUG:paramiko.transport:Received global request "hostkeys-00@openssh.com"
DEBUG:paramiko.transport:Rejecting "hostkeys-00@openssh.com" global request from server.
DEBUG:paramiko.transport:Debug msg: b'/home/admin/.ssh/authorized_keys:2: key options: agent-forwarding port-forwarding pty user-rc x11-forwarding'
DEBUG:paramiko.transport:[chan 0] Max packet out: 32768 bytes
DEBUG:paramiko.transport:Secsh channel 0 opened.
DEBUG:paramiko.transport:[chan 0] Sesch channel 0 request ok
DEBUG:paramiko.transport:[chan 0] EOF received (0)
DEBUG:paramiko.transport:[chan 0] EOF sent (0)
DEBUG:paramiko.transport:[chan 0] Max packet in: 32768 bytes
DEBUG:paramiko.transport:[chan 0] Max packet out: 32768 bytes
DEBUG:paramiko.transport:Secsh channel 0 opened.
DEBUG:paramiko.transport:[chan 0] Sesch channel 0 request ok
DEBUG:paramiko.transport:[chan 0] EOF received (0)
DEBUG:paramiko.transport:[chan 0] EOF sent (0)
DEBUG:paramiko.transport:[chan 1] Max packet in: 32768 bytes
DEBUG:paramiko.transport:[chan 1] Max packet out: 32768 bytes
DEBUG:paramiko.transport:Secsh channel 1 opened.
DEBUG:paramiko.transport:[chan 1] Sesch channel 1 request ok
DEBUG:paramiko.transport:[chan 1] EOF received (1)
DEBUG:paramiko.transport:[chan 1] EOF sent (1)
DEBUG:paramiko.transport:[chan 2] Max packet in: 32768 bytes
DEBUG:paramiko.transport:[chan 2] Max packet out: 32768 bytes
DEBUG:paramiko.transport:Secsh channel 2 opened.
DEBUG:paramiko.transport:[chan 2] Sesch channel 2 request ok
DEBUG:paramiko.transport:[chan 2] EOF received (2)
DEBUG:paramiko.transport:[chan 2] EOF sent (2)
DEBUG:paramiko.transport:[chan 3] Max packet in: 32768 bytes
DEBUG:paramiko.transport:[chan 3] Max packet out: 32768 bytes
DEBUG:paramiko.transport:Secsh channel 3 opened.
DEBUG:paramiko.transport:[chan 3] Sesch channel 3 request ok
DEBUG:paramiko.transport:[chan 3] EOF received (3)
DEBUG:paramiko.transport:[chan 3] EOF sent (3)
DEBUG:paramiko.transport:[chan 4] Max packet in: 32768 bytes
DEBUG:paramiko.transport:[chan 4] Max packet out: 32768 bytes
DEBUG:paramiko.transport:Secsh channel 4 opened.
DEBUG:paramiko.transport:[chan 4] Sesch channel 4 request ok
DEBUG:paramiko.transport:[chan 4] EOF received (4)
DEBUG:paramiko.transport:[chan 4] EOF sent (4)
DEBUG:paramiko.transport:EOF in transport thread
DEBUG:paramiko.transport:EOF in transport thread
